<?xml version="1.0" encoding="UTF-8"?>
<coverage generated="1654657862330" clover="3.2.0">
  <project timestamp="1654657862330" name="All files">
    <metrics statements="38" coveredstatements="18" conditionals="4" coveredconditionals="0" methods="10" coveredmethods="0" elements="52" coveredelements="18" complexity="0" loc="38" ncloc="38" packages="1" files="3" classes="3"/>
    <file name="Video.ts" path="C:\Users\hema_\Desktop\Emma\Videos Mern Typescript\mern-typescript-api\src\routes\Video.ts">
      <metrics statements="3" coveredstatements="3" conditionals="0" coveredconditionals="0" methods="0" coveredmethods="0"/>
      <line num="1" count="1" type="stmt"/>
      <line num="3" count="1" type="stmt"/>
      <line num="24" count="1" type="stmt"/>
    </file>
    <file name="video.controller.ts" path="C:\Users\hema_\Desktop\Emma\Videos Mern Typescript\mern-typescript-api\src\routes\video.controller.ts">
      <metrics statements="26" coveredstatements="6" conditionals="4" coveredconditionals="0" methods="10" coveredmethods="0"/>
      <line num="3" count="1" type="stmt"/>
      <line num="5" count="1" type="stmt"/>
      <line num="6" count="0" type="stmt"/>
      <line num="7" count="0" type="stmt"/>
      <line num="8" count="0" type="stmt"/>
      <line num="10" count="0" type="stmt"/>
      <line num="14" count="1" type="stmt"/>
      <line num="16" count="0" type="stmt"/>
      <line num="18" count="0" type="cond" truecount="0" falsecount="1"/>
      <line num="20" count="0" type="stmt"/>
      <line num="23" count="1" type="stmt"/>
      <line num="25" count="0" type="stmt"/>
      <line num="26" count="0" type="cond" truecount="0" falsecount="1"/>
      <line num="27" count="0" type="stmt"/>
      <line num="30" count="0" type="stmt"/>
      <line num="31" count="0" type="stmt"/>
      <line num="32" count="0" type="stmt"/>
      <line num="33" count="0" type="stmt"/>
      <line num="36" count="1" type="stmt"/>
      <line num="37" count="0" type="stmt"/>
      <line num="39" count="0" type="cond" truecount="0" falsecount="1"/>
      <line num="41" count="0" type="stmt"/>
      <line num="44" count="1" type="stmt"/>
      <line num="46" count="0" type="stmt"/>
      <line num="48" count="0" type="cond" truecount="0" falsecount="1"/>
      <line num="50" count="0" type="stmt"/>
    </file>
    <file name="videos.routes.ts" path="C:\Users\hema_\Desktop\Emma\Videos Mern Typescript\mern-typescript-api\src\routes\videos.routes.ts">
      <metrics statements="9" coveredstatements="9" conditionals="0" coveredconditionals="0" methods="0" coveredmethods="0"/>
      <line num="1" count="1" type="stmt"/>
      <line num="2" count="1" type="stmt"/>
      <line num="4" count="1" type="stmt"/>
      <line num="6" count="1" type="stmt"/>
      <line num="8" count="1" type="stmt"/>
      <line num="10" count="1" type="stmt"/>
      <line num="12" count="1" type="stmt"/>
      <line num="14" count="1" type="stmt"/>
      <line num="16" count="1" type="stmt"/>
    </file>
  </project>
</coverage>
