{"C:\\Users\\hema_\\Desktop\\Emma\\Videos Mern Typescript\\mern-typescript-api\\src\\routes\\Video.ts": {"path":"C:\\Users\\hema_\\Desktop\\Emma\\Videos Mern Typescript\\mern-typescript-api\\src\\routes\\Video.ts","statementMap":{"0":{"start":{"line":1,"column":0},"end":{"line":1,"column":41}},"1":{"start":{"line":3,"column":20},"end":{"line":22,"column":2}},"2":{"start":{"line":24,"column":0},"end":{"line":24,"column":43}}},"fnMap":{},"branchMap":{},"s":{"0":1,"1":1,"2":1},"f":{},"b":{}}
,"C:\\Users\\hema_\\Desktop\\Emma\\Videos Mern Typescript\\mern-typescript-api\\src\\routes\\video.controller.ts": {"path":"C:\\Users\\hema_\\Desktop\\Emma\\Videos Mern Typescript\\mern-typescript-api\\src\\routes\\video.controller.ts","statementMap":{"0":{"start":{"line":3,"column":0},"end":{"line":3,"column":28}},"1":{"start":{"line":5,"column":41},"end":{"line":12,"column":2}},"2":{"start":{"line":5,"column":60},"end":{"line":12,"column":2}},"3":{"start":{"line":6,"column":4},"end":{"line":11,"column":null}},"4":{"start":{"line":7,"column":23},"end":{"line":7,"column":41}},"5":{"start":{"line":8,"column":8},"end":{"line":8,"column":32}},"6":{"start":{"line":10,"column":8},"end":{"line":10,"column":24}},"7":{"start":{"line":5,"column":13},"end":{"line":5,"column":41}},"8":{"start":{"line":14,"column":40},"end":{"line":21,"column":2}},"9":{"start":{"line":14,"column":59},"end":{"line":21,"column":2}},"10":{"start":{"line":16,"column":23},"end":{"line":16,"column":58}},"11":{"start":{"line":18,"column":4},"end":{"line":18,"column":50}},"12":{"start":{"line":18,"column":20},"end":{"line":18,"column":50}},"13":{"start":{"line":20,"column":4},"end":{"line":20,"column":32}},"14":{"start":{"line":14,"column":13},"end":{"line":14,"column":40}},"15":{"start":{"line":23,"column":43},"end":{"line":34,"column":2}},"16":{"start":{"line":23,"column":62},"end":{"line":34,"column":2}},"17":{"start":{"line":25,"column":23},"end":{"line":25,"column":63}},"18":{"start":{"line":26,"column":4},"end":{"line":28,"column":null}},"19":{"start":{"line":27,"column":8},"end":{"line":27,"column":73}},"20":{"start":{"line":30,"column":18},"end":{"line":30,"column":37}},"21":{"start":{"line":31,"column":4},"end":{"line":31,"column":23}},"22":{"start":{"line":32,"column":23},"end":{"line":32,"column":41}},"23":{"start":{"line":33,"column":4},"end":{"line":33,"column":32}},"24":{"start":{"line":23,"column":13},"end":{"line":23,"column":43}},"25":{"start":{"line":36,"column":44},"end":{"line":42,"column":2}},"26":{"start":{"line":36,"column":63},"end":{"line":42,"column":2}},"27":{"start":{"line":37,"column":25},"end":{"line":37,"column":92}},"28":{"start":{"line":39,"column":4},"end":{"line":39,"column":52}},"29":{"start":{"line":39,"column":22},"end":{"line":39,"column":52}},"30":{"start":{"line":41,"column":4},"end":{"line":41,"column":34}},"31":{"start":{"line":36,"column":13},"end":{"line":36,"column":44}},"32":{"start":{"line":44,"column":44},"end":{"line":51,"column":2}},"33":{"start":{"line":44,"column":63},"end":{"line":51,"column":2}},"34":{"start":{"line":46,"column":25},"end":{"line":46,"column":69}},"35":{"start":{"line":48,"column":4},"end":{"line":48,"column":52}},"36":{"start":{"line":48,"column":22},"end":{"line":48,"column":52}},"37":{"start":{"line":50,"column":4},"end":{"line":50,"column":34}},"38":{"start":{"line":44,"column":13},"end":{"line":44,"column":44}}},"fnMap":{"0":{"name":"(anonymous_8)","decl":{"start":{"line":5,"column":41},"end":{"line":5,"column":48}},"loc":{"start":{"line":5,"column":60},"end":{"line":12,"column":2}}},"1":{"name":"(anonymous_9)","decl":{"start":{"line":5,"column":60},"end":{"line":5,"column":null}},"loc":{"start":{"line":5,"column":60},"end":{"line":12,"column":1}}},"2":{"name":"(anonymous_10)","decl":{"start":{"line":14,"column":40},"end":{"line":14,"column":47}},"loc":{"start":{"line":14,"column":59},"end":{"line":21,"column":2}}},"3":{"name":"(anonymous_11)","decl":{"start":{"line":14,"column":59},"end":{"line":14,"column":null}},"loc":{"start":{"line":14,"column":59},"end":{"line":21,"column":1}}},"4":{"name":"(anonymous_12)","decl":{"start":{"line":23,"column":43},"end":{"line":23,"column":50}},"loc":{"start":{"line":23,"column":62},"end":{"line":34,"column":2}}},"5":{"name":"(anonymous_13)","decl":{"start":{"line":23,"column":62},"end":{"line":23,"column":null}},"loc":{"start":{"line":23,"column":62},"end":{"line":34,"column":1}}},"6":{"name":"(anonymous_14)","decl":{"start":{"line":36,"column":44},"end":{"line":36,"column":51}},"loc":{"start":{"line":36,"column":63},"end":{"line":42,"column":2}}},"7":{"name":"(anonymous_15)","decl":{"start":{"line":36,"column":63},"end":{"line":36,"column":null}},"loc":{"start":{"line":36,"column":63},"end":{"line":42,"column":1}}},"8":{"name":"(anonymous_16)","decl":{"start":{"line":44,"column":44},"end":{"line":44,"column":51}},"loc":{"start":{"line":44,"column":63},"end":{"line":51,"column":2}}},"9":{"name":"(anonymous_17)","decl":{"start":{"line":44,"column":63},"end":{"line":44,"column":null}},"loc":{"start":{"line":44,"column":63},"end":{"line":51,"column":1}}}},"branchMap":{"0":{"loc":{"start":{"line":18,"column":4},"end":{"line":18,"column":50}},"type":"if","locations":[{"start":{"line":18,"column":4},"end":{"line":18,"column":50}}]},"1":{"loc":{"start":{"line":26,"column":4},"end":{"line":28,"column":null}},"type":"if","locations":[{"start":{"line":26,"column":4},"end":{"line":28,"column":null}}]},"2":{"loc":{"start":{"line":39,"column":4},"end":{"line":39,"column":52}},"type":"if","locations":[{"start":{"line":39,"column":4},"end":{"line":39,"column":52}}]},"3":{"loc":{"start":{"line":48,"column":4},"end":{"line":48,"column":52}},"type":"if","locations":[{"start":{"line":48,"column":4},"end":{"line":48,"column":52}}]}},"s":{"0":1,"1":1,"2":0,"3":0,"4":0,"5":0,"6":0,"7":1,"8":1,"9":0,"10":0,"11":0,"12":0,"13":0,"14":1,"15":1,"16":0,"17":0,"18":0,"19":0,"20":0,"21":0,"22":0,"23":0,"24":1,"25":1,"26":0,"27":0,"28":0,"29":0,"30":0,"31":1,"32":1,"33":0,"34":0,"35":0,"36":0,"37":0,"38":1},"f":{"0":0,"1":0,"2":0,"3":0,"4":0,"5":0,"6":0,"7":0,"8":0,"9":0},"b":{"0":[0],"1":[0],"2":[0],"3":[0]}}
,"C:\\Users\\hema_\\Desktop\\Emma\\Videos Mern Typescript\\mern-typescript-api\\src\\routes\\videos.routes.ts": {"path":"C:\\Users\\hema_\\Desktop\\Emma\\Videos Mern Typescript\\mern-typescript-api\\src\\routes\\videos.routes.ts","statementMap":{"0":{"start":{"line":1,"column":0},"end":{"line":1,"column":33}},"1":{"start":{"line":2,"column":0},"end":{"line":2,"column":54}},"2":{"start":{"line":4,"column":15},"end":{"line":4,"column":23}},"3":{"start":{"line":6,"column":0},"end":{"line":6,"column":49}},"4":{"start":{"line":8,"column":0},"end":{"line":8,"column":52}},"5":{"start":{"line":10,"column":0},"end":{"line":10,"column":51}},"6":{"start":{"line":12,"column":0},"end":{"line":12,"column":58}},"7":{"start":{"line":14,"column":0},"end":{"line":14,"column":56}},"8":{"start":{"line":16,"column":0},"end":{"line":16,"column":22}}},"fnMap":{},"branchMap":{},"s":{"0":1,"1":1,"2":1,"3":1,"4":1,"5":1,"6":1,"7":1,"8":1},"f":{},"b":{}}
}
