{"C:\\Users\\hema_\\Desktop\\Emma\\Videos Mern Typescript\\mern-typescript-api\\src\\app.ts": {"path":"C:\\Users\\hema_\\Desktop\\Emma\\Videos Mern Typescript\\mern-typescript-api\\src\\app.ts","statementMap":{"0":{"start":{"line":1,"column":0},"end":{"line":1,"column":30}},"1":{"start":{"line":2,"column":0},"end":{"line":2,"column":28}},"2":{"start":{"line":3,"column":0},"end":{"line":3,"column":23}},"3":{"start":{"line":4,"column":0},"end":{"line":4,"column":30}},"4":{"start":{"line":6,"column":0},"end":{"line":6,"column":49}},"5":{"start":{"line":9,"column":12},"end":{"line":9,"column":21}},"6":{"start":{"line":11,"column":0},"end":{"line":11,"column":29}},"7":{"start":{"line":12,"column":0},"end":{"line":12,"column":16}},"8":{"start":{"line":13,"column":0},"end":{"line":13,"column":24}},"9":{"start":{"line":14,"column":0},"end":{"line":14,"column":47}},"10":{"start":{"line":16,"column":0},"end":{"line":16,"column":23}},"11":{"start":{"line":19,"column":0},"end":{"line":19,"column":21}},"12":{"start":{"line":21,"column":0},"end":{"line":21,"column":19}}},"fnMap":{},"branchMap":{},"s":{"0":1,"1":1,"2":1,"3":1,"4":1,"5":1,"6":1,"7":1,"8":1,"9":1,"10":1,"11":1,"12":1},"f":{},"b":{}}
,"C:\\Users\\hema_\\Desktop\\Emma\\Videos Mern Typescript\\mern-typescript-api\\src\\config.ts": {"path":"C:\\Users\\hema_\\Desktop\\Emma\\Videos Mern Typescript\\mern-typescript-api\\src\\config.ts","statementMap":{"0":{"start":{"line":1,"column":0},"end":{"line":1,"column":28}},"1":{"start":{"line":2,"column":0},"end":{"line":2,"column":16}},"2":{"start":{"line":4,"column":0},"end":{"line":11,"column":null}}},"fnMap":{},"branchMap":{"0":{"loc":{"start":{"line":5,"column":20},"end":{"line":5,"column":63}},"type":"binary-expr","locations":[{"start":{"line":5,"column":20},"end":{"line":5,"column":46}},{"start":{"line":5,"column":50},"end":{"line":5,"column":63}}]},"1":{"loc":{"start":{"line":6,"column":25},"end":{"line":6,"column":74}},"type":"binary-expr","locations":[{"start":{"line":6,"column":25},"end":{"line":6,"column":56}},{"start":{"line":6,"column":60},"end":{"line":6,"column":74}}]},"2":{"loc":{"start":{"line":7,"column":16},"end":{"line":7,"column":49}},"type":"binary-expr","locations":[{"start":{"line":7,"column":16},"end":{"line":7,"column":38}},{"start":{"line":7,"column":42},"end":{"line":7,"column":49}}]},"3":{"loc":{"start":{"line":8,"column":20},"end":{"line":8,"column":57}},"type":"binary-expr","locations":[{"start":{"line":8,"column":20},"end":{"line":8,"column":46}},{"start":{"line":8,"column":50},"end":{"line":8,"column":57}}]},"4":{"loc":{"start":{"line":9,"column":16},"end":{"line":9,"column":53}},"type":"binary-expr","locations":[{"start":{"line":9,"column":16},"end":{"line":9,"column":38}},{"start":{"line":9,"column":42},"end":{"line":9,"column":53}}]},"5":{"loc":{"start":{"line":10,"column":10},"end":{"line":10,"column":34}},"type":"binary-expr","locations":[{"start":{"line":10,"column":10},"end":{"line":10,"column":26}},{"start":{"line":10,"column":30},"end":{"line":10,"column":34}}]}},"s":{"0":1,"1":1,"2":1},"f":{},"b":{"0":[1,1],"1":[1,1],"2":[1,1],"3":[1,1],"4":[1,1],"5":[1,0]}}
,"C:\\Users\\hema_\\Desktop\\Emma\\Videos Mern Typescript\\mern-typescript-api\\src\\database.ts": {"path":"C:\\Users\\hema_\\Desktop\\Emma\\Videos Mern Typescript\\mern-typescript-api\\src\\database.ts","statementMap":{"0":{"start":{"line":1,"column":0},"end":{"line":1,"column":52}},"1":{"start":{"line":2,"column":0},"end":{"line":2,"column":30}},"2":{"start":{"line":4,"column":21},"end":{"line":4,"column":32}},"3":{"start":{"line":6,"column":21},"end":{"line":6,"column":93}},"4":{"start":{"line":8,"column":0},"end":{"line":21,"column":null}},"5":{"start":{"line":8,"column":12},"end":{"line":21,"column":2}},"6":{"start":{"line":9,"column":44},"end":{"line":12,"column":null}},"7":{"start":{"line":14,"column":4},"end":{"line":19,"column":null}},"8":{"start":{"line":15,"column":19},"end":{"line":15,"column":91}},"9":{"start":{"line":16,"column":8},"end":{"line":16,"column":71}},"10":{"start":{"line":18,"column":8},"end":{"line":18,"column":29}}},"fnMap":{"0":{"name":"(anonymous_8)","decl":{"start":{"line":8,"column":1},"end":{"line":8,"column":10}},"loc":{"start":{"line":8,"column":12},"end":{"line":21,"column":2}}},"1":{"name":"(anonymous_9)","decl":{"start":{"line":8,"column":12},"end":{"line":8,"column":null}},"loc":{"start":{"line":8,"column":12},"end":{"line":21,"column":1}}}},"branchMap":{"0":{"loc":{"start":{"line":6,"column":21},"end":{"line":6,"column":93}},"type":"cond-expr","locations":[{"start":{"line":6,"column":43},"end":{"line":6,"column":69}},{"start":{"line":6,"column":72},"end":{"line":6,"column":93}}]}},"s":{"0":1,"1":1,"2":1,"3":1,"4":1,"5":1,"6":1,"7":1,"8":1,"9":1,"10":0},"f":{"0":1,"1":1},"b":{"0":[1,0]}}
,"C:\\Users\\hema_\\Desktop\\Emma\\Videos Mern Typescript\\mern-typescript-api\\src\\index.ts": {"path":"C:\\Users\\hema_\\Desktop\\Emma\\Videos Mern Typescript\\mern-typescript-api\\src\\index.ts","statementMap":{"0":{"start":{"line":1,"column":0},"end":{"line":1,"column":24}},"1":{"start":{"line":2,"column":0},"end":{"line":2,"column":20}},"2":{"start":{"line":5,"column":15},"end":{"line":7,"column":2}},"3":{"start":{"line":6,"column":4},"end":{"line":6,"column":52}},"4":{"start":{"line":9,"column":0},"end":{"line":9,"column":null}}},"fnMap":{"0":{"name":"(anonymous_1)","decl":{"start":{"line":5,"column":43},"end":{"line":5,"column":46}},"loc":{"start":{"line":5,"column":48},"end":{"line":7,"column":1}}}},"branchMap":{},"s":{"0":1,"1":1,"2":1,"3":1,"4":1},"f":{"0":1},"b":{}}
,"C:\\Users\\hema_\\Desktop\\Emma\\Videos Mern Typescript\\mern-typescript-api\\src\\routes\\Video.ts": {"path":"C:\\Users\\hema_\\Desktop\\Emma\\Videos Mern Typescript\\mern-typescript-api\\src\\routes\\Video.ts","statementMap":{"0":{"start":{"line":1,"column":0},"end":{"line":1,"column":41}},"1":{"start":{"line":3,"column":20},"end":{"line":22,"column":2}},"2":{"start":{"line":24,"column":0},"end":{"line":24,"column":43}}},"fnMap":{},"branchMap":{},"s":{"0":1,"1":1,"2":1},"f":{},"b":{}}
,"C:\\Users\\hema_\\Desktop\\Emma\\Videos Mern Typescript\\mern-typescript-api\\src\\routes\\video.controller.ts": {"path":"C:\\Users\\hema_\\Desktop\\Emma\\Videos Mern Typescript\\mern-typescript-api\\src\\routes\\video.controller.ts","statementMap":{"0":{"start":{"line":2,"column":0},"end":{"line":2,"column":28}},"1":{"start":{"line":4,"column":41},"end":{"line":11,"column":2}},"2":{"start":{"line":4,"column":60},"end":{"line":11,"column":2}},"3":{"start":{"line":5,"column":4},"end":{"line":10,"column":null}},"4":{"start":{"line":6,"column":23},"end":{"line":6,"column":41}},"5":{"start":{"line":7,"column":8},"end":{"line":7,"column":32}},"6":{"start":{"line":9,"column":8},"end":{"line":9,"column":24}},"7":{"start":{"line":4,"column":13},"end":{"line":4,"column":41}},"8":{"start":{"line":13,"column":40},"end":{"line":20,"column":2}},"9":{"start":{"line":13,"column":59},"end":{"line":20,"column":2}},"10":{"start":{"line":15,"column":23},"end":{"line":15,"column":58}},"11":{"start":{"line":17,"column":4},"end":{"line":17,"column":50}},"12":{"start":{"line":17,"column":20},"end":{"line":17,"column":50}},"13":{"start":{"line":19,"column":4},"end":{"line":19,"column":32}},"14":{"start":{"line":13,"column":13},"end":{"line":13,"column":40}},"15":{"start":{"line":22,"column":43},"end":{"line":33,"column":2}},"16":{"start":{"line":22,"column":62},"end":{"line":33,"column":2}},"17":{"start":{"line":24,"column":23},"end":{"line":24,"column":63}},"18":{"start":{"line":25,"column":4},"end":{"line":27,"column":null}},"19":{"start":{"line":26,"column":8},"end":{"line":26,"column":73}},"20":{"start":{"line":29,"column":18},"end":{"line":29,"column":37}},"21":{"start":{"line":30,"column":4},"end":{"line":30,"column":23}},"22":{"start":{"line":31,"column":23},"end":{"line":31,"column":41}},"23":{"start":{"line":32,"column":4},"end":{"line":32,"column":32}},"24":{"start":{"line":22,"column":13},"end":{"line":22,"column":43}},"25":{"start":{"line":35,"column":44},"end":{"line":41,"column":2}},"26":{"start":{"line":35,"column":63},"end":{"line":41,"column":2}},"27":{"start":{"line":36,"column":25},"end":{"line":36,"column":92}},"28":{"start":{"line":38,"column":4},"end":{"line":38,"column":52}},"29":{"start":{"line":38,"column":22},"end":{"line":38,"column":52}},"30":{"start":{"line":40,"column":4},"end":{"line":40,"column":34}},"31":{"start":{"line":35,"column":13},"end":{"line":35,"column":44}},"32":{"start":{"line":43,"column":44},"end":{"line":50,"column":2}},"33":{"start":{"line":43,"column":63},"end":{"line":50,"column":2}},"34":{"start":{"line":45,"column":25},"end":{"line":45,"column":69}},"35":{"start":{"line":47,"column":4},"end":{"line":47,"column":52}},"36":{"start":{"line":47,"column":22},"end":{"line":47,"column":52}},"37":{"start":{"line":49,"column":4},"end":{"line":49,"column":34}},"38":{"start":{"line":43,"column":13},"end":{"line":43,"column":44}}},"fnMap":{"0":{"name":"(anonymous_8)","decl":{"start":{"line":4,"column":41},"end":{"line":4,"column":48}},"loc":{"start":{"line":4,"column":60},"end":{"line":11,"column":2}}},"1":{"name":"(anonymous_9)","decl":{"start":{"line":4,"column":60},"end":{"line":4,"column":null}},"loc":{"start":{"line":4,"column":60},"end":{"line":11,"column":1}}},"2":{"name":"(anonymous_10)","decl":{"start":{"line":13,"column":40},"end":{"line":13,"column":47}},"loc":{"start":{"line":13,"column":59},"end":{"line":20,"column":2}}},"3":{"name":"(anonymous_11)","decl":{"start":{"line":13,"column":59},"end":{"line":13,"column":null}},"loc":{"start":{"line":13,"column":59},"end":{"line":20,"column":1}}},"4":{"name":"(anonymous_12)","decl":{"start":{"line":22,"column":43},"end":{"line":22,"column":50}},"loc":{"start":{"line":22,"column":62},"end":{"line":33,"column":2}}},"5":{"name":"(anonymous_13)","decl":{"start":{"line":22,"column":62},"end":{"line":22,"column":null}},"loc":{"start":{"line":22,"column":62},"end":{"line":33,"column":1}}},"6":{"name":"(anonymous_14)","decl":{"start":{"line":35,"column":44},"end":{"line":35,"column":51}},"loc":{"start":{"line":35,"column":63},"end":{"line":41,"column":2}}},"7":{"name":"(anonymous_15)","decl":{"start":{"line":35,"column":63},"end":{"line":35,"column":null}},"loc":{"start":{"line":35,"column":63},"end":{"line":41,"column":1}}},"8":{"name":"(anonymous_16)","decl":{"start":{"line":43,"column":44},"end":{"line":43,"column":51}},"loc":{"start":{"line":43,"column":63},"end":{"line":50,"column":2}}},"9":{"name":"(anonymous_17)","decl":{"start":{"line":43,"column":63},"end":{"line":43,"column":null}},"loc":{"start":{"line":43,"column":63},"end":{"line":50,"column":1}}}},"branchMap":{"0":{"loc":{"start":{"line":17,"column":4},"end":{"line":17,"column":50}},"type":"if","locations":[{"start":{"line":17,"column":4},"end":{"line":17,"column":50}}]},"1":{"loc":{"start":{"line":25,"column":4},"end":{"line":27,"column":null}},"type":"if","locations":[{"start":{"line":25,"column":4},"end":{"line":27,"column":null}}]},"2":{"loc":{"start":{"line":38,"column":4},"end":{"line":38,"column":52}},"type":"if","locations":[{"start":{"line":38,"column":4},"end":{"line":38,"column":52}}]},"3":{"loc":{"start":{"line":47,"column":4},"end":{"line":47,"column":52}},"type":"if","locations":[{"start":{"line":47,"column":4},"end":{"line":47,"column":52}}]}},"s":{"0":1,"1":1,"2":2,"3":2,"4":2,"5":2,"6":0,"7":1,"8":1,"9":2,"10":2,"11":2,"12":1,"13":1,"14":1,"15":1,"16":1,"17":1,"18":1,"19":0,"20":1,"21":1,"22":1,"23":1,"24":1,"25":1,"26":0,"27":0,"28":0,"29":0,"30":0,"31":1,"32":1,"33":0,"34":0,"35":0,"36":0,"37":0,"38":1},"f":{"0":2,"1":2,"2":2,"3":2,"4":1,"5":1,"6":0,"7":0,"8":0,"9":0},"b":{"0":[1],"1":[0],"2":[0],"3":[0]}}
,"C:\\Users\\hema_\\Desktop\\Emma\\Videos Mern Typescript\\mern-typescript-api\\src\\routes\\videos.routes.ts": {"path":"C:\\Users\\hema_\\Desktop\\Emma\\Videos Mern Typescript\\mern-typescript-api\\src\\routes\\videos.routes.ts","statementMap":{"0":{"start":{"line":1,"column":0},"end":{"line":1,"column":33}},"1":{"start":{"line":2,"column":0},"end":{"line":2,"column":54}},"2":{"start":{"line":4,"column":15},"end":{"line":4,"column":23}},"3":{"start":{"line":6,"column":0},"end":{"line":6,"column":49}},"4":{"start":{"line":8,"column":0},"end":{"line":8,"column":52}},"5":{"start":{"line":10,"column":0},"end":{"line":10,"column":51}},"6":{"start":{"line":12,"column":0},"end":{"line":12,"column":58}},"7":{"start":{"line":14,"column":0},"end":{"line":14,"column":56}},"8":{"start":{"line":16,"column":0},"end":{"line":16,"column":22}}},"fnMap":{},"branchMap":{},"s":{"0":1,"1":1,"2":1,"3":1,"4":1,"5":1,"6":1,"7":1,"8":1},"f":{},"b":{}}
}
