TN:
SF:src\app.ts
FNF:0
FNH:0
DA:1,1
DA:2,1
DA:3,1
DA:4,1
DA:6,1
DA:9,1
DA:11,1
DA:12,1
DA:13,1
DA:14,1
DA:16,1
DA:19,1
DA:21,1
LF:13
LH:13
BRF:0
BRH:0
end_of_record
TN:
SF:src\config.ts
FNF:0
FNH:0
DA:1,1
DA:2,1
DA:4,1
LF:3
LH:3
BRDA:5,0,0,1
BRDA:5,0,1,1
BRDA:6,1,0,1
BRDA:6,1,1,1
BRDA:7,2,0,1
BRDA:7,2,1,1
BRDA:8,3,0,1
BRDA:8,3,1,1
BRDA:9,4,0,1
BRDA:9,4,1,1
BRDA:10,5,0,1
BRDA:10,5,1,0
BRF:12
BRH:11
end_of_record
TN:
SF:src\database.ts
FN:8,(anonymous_8)
FN:8,(anonymous_9)
FNF:2
FNH:2
FNDA:1,(anonymous_8)
FNDA:1,(anonymous_9)
DA:1,1
DA:2,1
DA:4,1
DA:6,1
DA:8,1
DA:9,1
DA:14,1
DA:15,1
DA:16,1
DA:18,0
LF:10
LH:9
BRDA:6,0,0,1
BRDA:6,0,1,0
BRF:2
BRH:1
end_of_record
TN:
SF:src\index.ts
FN:5,(anonymous_1)
FNF:1
FNH:1
FNDA:1,(anonymous_1)
DA:1,1
DA:2,1
DA:5,1
DA:6,1
DA:9,1
LF:5
LH:5
BRF:0
BRH:0
end_of_record
TN:
SF:src\routes\Video.ts
FNF:0
FNH:0
DA:1,1
DA:3,1
DA:24,1
LF:3
LH:3
BRF:0
BRH:0
end_of_record
TN:
SF:src\routes\video.controller.ts
FN:4,(anonymous_8)
FN:4,(anonymous_9)
FN:13,(anonymous_10)
FN:13,(anonymous_11)
FN:22,(anonymous_12)
FN:22,(anonymous_13)
FN:35,(anonymous_14)
FN:35,(anonymous_15)
FN:43,(anonymous_16)
FN:43,(anonymous_17)
FNF:10
FNH:6
FNDA:2,(anonymous_8)
FNDA:2,(anonymous_9)
FNDA:2,(anonymous_10)
FNDA:2,(anonymous_11)
FNDA:1,(anonymous_12)
FNDA:1,(anonymous_13)
FNDA:0,(anonymous_14)
FNDA:0,(anonymous_15)
FNDA:0,(anonymous_16)
FNDA:0,(anonymous_17)
DA:2,1
DA:4,2
DA:5,2
DA:6,2
DA:7,2
DA:9,0
DA:13,2
DA:15,2
DA:17,2
DA:19,1
DA:22,1
DA:24,1
DA:25,1
DA:26,0
DA:29,1
DA:30,1
DA:31,1
DA:32,1
DA:35,1
DA:36,0
DA:38,0
DA:40,0
DA:43,1
DA:45,0
DA:47,0
DA:49,0
LF:26
LH:18
BRDA:17,0,0,1
BRDA:25,1,0,0
BRDA:38,2,0,0
BRDA:47,3,0,0
BRF:4
BRH:1
end_of_record
TN:
SF:src\routes\videos.routes.ts
FNF:0
FNH:0
DA:1,1
DA:2,1
DA:4,1
DA:6,1
DA:8,1
DA:10,1
DA:12,1
DA:14,1
DA:16,1
LF:9
LH:9
BRF:0
BRH:0
end_of_record
