TN:
SF:src\routes\Video.ts
FNF:0
FNH:0
DA:1,1
DA:3,1
DA:24,1
LF:3
LH:3
BRF:0
BRH:0
end_of_record
TN:
SF:src\routes\video.controller.ts
FN:5,(anonymous_8)
FN:5,(anonymous_9)
FN:14,(anonymous_10)
FN:14,(anonymous_11)
FN:23,(anonymous_12)
FN:23,(anonymous_13)
FN:36,(anonymous_14)
FN:36,(anonymous_15)
FN:44,(anonymous_16)
FN:44,(anonymous_17)
FNF:10
FNH:0
FNDA:0,(anonymous_8)
FNDA:0,(anonymous_9)
FNDA:0,(anonymous_10)
FNDA:0,(anonymous_11)
FNDA:0,(anonymous_12)
FNDA:0,(anonymous_13)
FNDA:0,(anonymous_14)
FNDA:0,(anonymous_15)
FNDA:0,(anonymous_16)
FNDA:0,(anonymous_17)
DA:3,1
DA:5,1
DA:6,0
DA:7,0
DA:8,0
DA:10,0
DA:14,1
DA:16,0
DA:18,0
DA:20,0
DA:23,1
DA:25,0
DA:26,0
DA:27,0
DA:30,0
DA:31,0
DA:32,0
DA:33,0
DA:36,1
DA:37,0
DA:39,0
DA:41,0
DA:44,1
DA:46,0
DA:48,0
DA:50,0
LF:26
LH:6
BRDA:18,0,0,0
BRDA:26,1,0,0
BRDA:39,2,0,0
BRDA:48,3,0,0
BRF:4
BRH:0
end_of_record
TN:
SF:src\routes\videos.routes.ts
FNF:0
FNH:0
DA:1,1
DA:2,1
DA:4,1
DA:6,1
DA:8,1
DA:10,1
DA:12,1
DA:14,1
DA:16,1
LF:9
LH:9
BRF:0
BRH:0
end_of_record
